c:\users\cpast\documents\repositories\rfactorlivetelemetryplugin\win32\debug\vc143.pdb
c:\users\cpast\documents\repositories\rfactorlivetelemetryplugin\win32\debug\vc143.idb
c:\users\cpast\documents\repositories\rfactorlivetelemetryplugin\win32\debug\example.obj
d:\icam\msi valencia\shared folder\telemetry project - google drive\10. new kpi - copia\internalplugin telemetria\win32\debug\internalsplugin.lib
d:\icam\msi valencia\shared folder\telemetry project - google drive\10. new kpi - copia\internalplugin telemetria\win32\debug\internalsplugin.exp
c:\users\cpast\documents\repositories\rfactorlivetelemetryplugin\win32\debug\internalsplugin.lib
c:\users\cpast\documents\repositories\rfactorlivetelemetryplugin\win32\debug\internalsplugin.exp
c:\users\cpast\documents\repositories\rfactorlivetelemetryplugin\win32\debug\telemetryplugin.ilk
c:\users\cpast\documents\repositories\rfactorlivetelemetryplugin\win32\debug\vc142.idb
c:\users\cpast\documents\repositories\rfactorlivetelemetryplugin\win32\debug\internalsplugin.pdb
c:\users\cpast\documents\repositories\rfactorlivetelemetryplugin\win32\debug\vc142.pdb
c:\users\cpast\documents\repositories\rfactorlivetelemetryplugin\win32\debug\telemetryplugin.tlog\cl.command.1.tlog
c:\users\cpast\documents\repositories\rfactorlivetelemetryplugin\win32\debug\telemetryplugin.tlog\cl.items.tlog
c:\users\cpast\documents\repositories\rfactorlivetelemetryplugin\win32\debug\telemetryplugin.tlog\cl.read.1.tlog
c:\users\cpast\documents\repositories\rfactorlivetelemetryplugin\win32\debug\telemetryplugin.tlog\cl.write.1.tlog
c:\users\cpast\documents\repositories\rfactorlivetelemetryplugin\win32\debug\telemetryplugin.tlog\link-cvtres.read.1.tlog
c:\users\cpast\documents\repositories\rfactorlivetelemetryplugin\win32\debug\telemetryplugin.tlog\link-cvtres.write.1.tlog
c:\users\cpast\documents\repositories\rfactorlivetelemetryplugin\win32\debug\telemetryplugin.tlog\link-rc.read.1.tlog
c:\users\cpast\documents\repositories\rfactorlivetelemetryplugin\win32\debug\telemetryplugin.tlog\link-rc.write.1.tlog
c:\users\cpast\documents\repositories\rfactorlivetelemetryplugin\win32\debug\telemetryplugin.tlog\link.19596-cvtres.read.1.tlog
c:\users\cpast\documents\repositories\rfactorlivetelemetryplugin\win32\debug\telemetryplugin.tlog\link.19596-cvtres.write.1.tlog
c:\users\cpast\documents\repositories\rfactorlivetelemetryplugin\win32\debug\telemetryplugin.tlog\link.19596-rc.read.1.tlog
c:\users\cpast\documents\repositories\rfactorlivetelemetryplugin\win32\debug\telemetryplugin.tlog\link.19596-rc.write.1.tlog
c:\users\cpast\documents\repositories\rfactorlivetelemetryplugin\win32\debug\telemetryplugin.tlog\link.19596.read.1.tlog
c:\users\cpast\documents\repositories\rfactorlivetelemetryplugin\win32\debug\telemetryplugin.tlog\link.19596.write.1.tlog
c:\users\cpast\documents\repositories\rfactorlivetelemetryplugin\win32\debug\telemetryplugin.tlog\link.command.1.tlog
c:\users\cpast\documents\repositories\rfactorlivetelemetryplugin\win32\debug\telemetryplugin.tlog\link.read.1.tlog
c:\users\cpast\documents\repositories\rfactorlivetelemetryplugin\win32\debug\telemetryplugin.tlog\link.secondary.1.tlog
c:\users\cpast\documents\repositories\rfactorlivetelemetryplugin\win32\debug\telemetryplugin.tlog\link.write.1.tlog
c:\users\cpast\documents\repositories\rfactorlivetelemetryplugin\win32\debug\telemetryplugin.tlog\telemetryplugin.write.1u.tlog
