C:\Program Files\Microsoft Visual Studio\2022\Community\MSBuild\Microsoft\VC\v170\Microsoft.CppBuild.targets(531,5): warning MSB8028: El directorio intermedio (.\Debug\) contiene archivos compartidos de otro proyecto (ExamplePlugin.vcxproj). Esto puede dar lugar a un comportamiento incorrecto de limpieza y recompilación.
  main.cpp
C:\Users\cpast\Documents\Repositories\rFactorLiveTelemetryPlugin\Source\main.cpp(77,3): warning C4996: 'sprintf': This function or variable may be unsafe. Consider using sprintf_s instead. To disable deprecation, use _CRT_SECURE_NO_WARNINGS. See online help for details.
C:\Users\cpast\Documents\Repositories\rFactorLiveTelemetryPlugin\Source\main.cpp(134,14): warning C4996: 'fopen': This function or variable may be unsafe. Consider using fopen_s instead. To disable deprecation, use _CRT_SECURE_NO_WARNINGS. See online help for details.
C:\Users\cpast\Documents\Repositories\rFactorLiveTelemetryPlugin\Source\main.cpp(186,67): warning C4244: '=': conversión de 'int' a 'float'; posible pérdida de datos
C:\Users\cpast\Documents\Repositories\rFactorLiveTelemetryPlugin\Source\main.cpp(187,67): warning C4244: '=': conversión de 'int' a 'float'; posible pérdida de datos
C:\Users\cpast\Documents\Repositories\rFactorLiveTelemetryPlugin\Source\main.cpp(188,61): warning C4244: '=': conversión de 'int' a 'float'; posible pérdida de datos
C:\Users\cpast\Documents\Repositories\rFactorLiveTelemetryPlugin\Source\main.cpp(189,42): warning C4244: '=': conversión de 'int' a 'float'; posible pérdida de datos
C:\Users\cpast\Documents\Repositories\rFactorLiveTelemetryPlugin\Source\main.cpp(190,46): warning C4244: '=': conversión de 'int' a 'float'; posible pérdida de datos
C:\Users\cpast\Documents\Repositories\rFactorLiveTelemetryPlugin\Source\main.cpp(191,55): warning C4244: '=': conversión de 'int' a 'float'; posible pérdida de datos
C:\Users\cpast\Documents\Repositories\rFactorLiveTelemetryPlugin\Source\main.cpp(192,56): warning C4244: '=': conversión de 'int' a 'float'; posible pérdida de datos
C:\Users\cpast\Documents\Repositories\rFactorLiveTelemetryPlugin\Source\main.cpp(193,37): warning C4244: '=': conversión de 'int' a 'float'; posible pérdida de datos
C:\Users\cpast\Documents\Repositories\rFactorLiveTelemetryPlugin\Source\main.cpp(194,39): warning C4244: '=': conversión de 'int' a 'float'; posible pérdida de datos
C:\Users\cpast\Documents\Repositories\rFactorLiveTelemetryPlugin\Source\main.cpp(195,35): warning C4244: '=': conversión de 'int' a 'float'; posible pérdida de datos
C:\Users\cpast\Documents\Repositories\rFactorLiveTelemetryPlugin\Source\main.cpp(196,56): warning C4244: '=': conversión de 'int' a 'float'; posible pérdida de datos
C:\Users\cpast\Documents\Repositories\rFactorLiveTelemetryPlugin\Source\main.cpp(197,56): warning C4244: '=': conversión de 'int' a 'float'; posible pérdida de datos
C:\Users\cpast\Documents\Repositories\rFactorLiveTelemetryPlugin\Source\main.cpp(198,42): warning C4244: '=': conversión de 'int' a 'float'; posible pérdida de datos
C:\Program Files\Microsoft Visual Studio\2022\Community\MSBuild\Microsoft\VC\v170\Microsoft.CppBuild.targets(1392,5): warning MSB8012: TargetPath(C:\Users\cpast\Documents\Repositories\rFactorLiveTelemetryPlugin\Project\Debug\LiveTelemetryPlugin.dll) no coincide con el valor de la propiedad OutputFile de Linker (C:\Users\cpast\Documents\Repositories\rFactorLiveTelemetryPlugin\Project\Debug\ExamplePlugin.dll). Esto puede hacer que el proyecto no se compile correctamente. Para solucionar este problema, asegúrese de que los valores de propiedad $(OutDir), $(TargetName) y $(TargetExt) coinciden con el valor especificado en %(Link.OutputFile).
C:\Program Files\Microsoft Visual Studio\2022\Community\MSBuild\Microsoft\VC\v170\Microsoft.CppBuild.targets(1394,5): warning MSB8012: TargetName(LiveTelemetryPlugin) no coincide con el valor de la propiedad OutputFile de Linker (ExamplePlugin). Esto puede hacer que el proyecto no se compile correctamente. Para solucionar este problema, asegúrese de que los valores de propiedad $(OutDir), $(TargetName) y $(TargetExt) coinciden con el valor especificado en %(Link.OutputFile).
     Creando biblioteca .\Debug/ExamplePlugin.lib y objeto .\Debug/ExamplePlugin.exp
  ExamplePlugin.vcxproj -> C:\Users\cpast\Documents\Repositories\rFactorLiveTelemetryPlugin\Project\Debug\LiveTelemetryPlugin.dll
